<?xml version="1.0" encoding="UTF-8"?>
<testsuite xmlns:xsi="http://www.w3.org/2001/XMLSchema-instance" xsi:noNamespaceSchemaLocation="https://maven.apache.org/surefire/maven-surefire-plugin/xsd/surefire-test-report-3.0.xsd" version="3.0" name="math.MatriceMultiplicationTest" time="0.024" tests="5" errors="0" skipped="0" failures="0">
  <properties>
    <property name="java.specification.version" value="14"/>
    <property name="sun.cpu.isalist" value="amd64"/>
    <property name="sun.jnu.encoding" value="Cp1252"/>
    <property name="java.class.path" value="C:\Users\chris\.vscode-oss\workspace\projetmodeh4\target\test-classes;C:\Users\chris\.vscode-oss\workspace\projetmodeh4\target\classes;C:\Users\chris\.m2\repository\org\openjfx\javafx-controls\11\javafx-controls-11.jar;C:\Users\chris\.m2\repository\org\openjfx\javafx-controls\11\javafx-controls-11-win.jar;C:\Users\chris\.m2\repository\org\openjfx\javafx-graphics\11\javafx-graphics-11.jar;C:\Users\chris\.m2\repository\org\openjfx\javafx-graphics\11\javafx-graphics-11-win.jar;C:\Users\chris\.m2\repository\org\openjfx\javafx-base\11\javafx-base-11.jar;C:\Users\chris\.m2\repository\org\openjfx\javafx-base\11\javafx-base-11-win.jar;C:\Users\chris\.m2\repository\org\openjfx\javafx-fxml\11\javafx-fxml-11.jar;C:\Users\chris\.m2\repository\org\openjfx\javafx-fxml\11\javafx-fxml-11-win.jar;C:\Users\chris\.m2\repository\org\junit\jupiter\junit-jupiter-engine\5.6.2\junit-jupiter-engine-5.6.2.jar;C:\Users\chris\.m2\repository\org\apiguardian\apiguardian-api\1.1.0\apiguardian-api-1.1.0.jar;C:\Users\chris\.m2\repository\org\junit\platform\junit-platform-engine\1.6.2\junit-platform-engine-1.6.2.jar;C:\Users\chris\.m2\repository\org\opentest4j\opentest4j\1.2.0\opentest4j-1.2.0.jar;C:\Users\chris\.m2\repository\org\junit\platform\junit-platform-commons\1.6.2\junit-platform-commons-1.6.2.jar;C:\Users\chris\.m2\repository\org\junit\jupiter\junit-jupiter-api\5.6.2\junit-jupiter-api-5.6.2.jar;"/>
    <property name="java.vm.vendor" value="Oracle Corporation"/>
    <property name="sun.arch.data.model" value="64"/>
    <property name="user.variant" value=""/>
    <property name="java.vendor.url" value="https://java.oracle.com/"/>
    <property name="user.timezone" value="Europe/Paris"/>
    <property name="os.name" value="Windows 10"/>
    <property name="java.vm.specification.version" value="14"/>
    <property name="sun.java.launcher" value="SUN_STANDARD"/>
    <property name="user.country" value="FR"/>
    <property name="sun.boot.library.path" value="C:\Program Files\Java\jdk-14.0.1\bin"/>
    <property name="sun.java.command" value="C:\Users\chris\AppData\Local\Temp\surefire14138026024233820088\surefirebooter7825304334768912964.jar C:\Users\chris\AppData\Local\Temp\surefire14138026024233820088 2021-11-12T16-10-57_601-jvmRun1 surefire2237640096788534079tmp surefire_0994762811516688093tmp"/>
    <property name="jdk.debug" value="release"/>
    <property name="surefire.test.class.path" value="C:\Users\chris\.vscode-oss\workspace\projetmodeh4\target\test-classes;C:\Users\chris\.vscode-oss\workspace\projetmodeh4\target\classes;C:\Users\chris\.m2\repository\org\openjfx\javafx-controls\11\javafx-controls-11.jar;C:\Users\chris\.m2\repository\org\openjfx\javafx-controls\11\javafx-controls-11-win.jar;C:\Users\chris\.m2\repository\org\openjfx\javafx-graphics\11\javafx-graphics-11.jar;C:\Users\chris\.m2\repository\org\openjfx\javafx-graphics\11\javafx-graphics-11-win.jar;C:\Users\chris\.m2\repository\org\openjfx\javafx-base\11\javafx-base-11.jar;C:\Users\chris\.m2\repository\org\openjfx\javafx-base\11\javafx-base-11-win.jar;C:\Users\chris\.m2\repository\org\openjfx\javafx-fxml\11\javafx-fxml-11.jar;C:\Users\chris\.m2\repository\org\openjfx\javafx-fxml\11\javafx-fxml-11-win.jar;C:\Users\chris\.m2\repository\org\junit\jupiter\junit-jupiter-engine\5.6.2\junit-jupiter-engine-5.6.2.jar;C:\Users\chris\.m2\repository\org\apiguardian\apiguardian-api\1.1.0\apiguardian-api-1.1.0.jar;C:\Users\chris\.m2\repository\org\junit\platform\junit-platform-engine\1.6.2\junit-platform-engine-1.6.2.jar;C:\Users\chris\.m2\repository\org\opentest4j\opentest4j\1.2.0\opentest4j-1.2.0.jar;C:\Users\chris\.m2\repository\org\junit\platform\junit-platform-commons\1.6.2\junit-platform-commons-1.6.2.jar;C:\Users\chris\.m2\repository\org\junit\jupiter\junit-jupiter-api\5.6.2\junit-jupiter-api-5.6.2.jar;"/>
    <property name="sun.cpu.endian" value="little"/>
    <property name="user.home" value="C:\Users\chris"/>
    <property name="user.language" value="fr"/>
    <property name="java.specification.vendor" value="Oracle Corporation"/>
    <property name="java.version.date" value="2020-04-14"/>
    <property name="java.home" value="C:\Program Files\Java\jdk-14.0.1"/>
    <property name="file.separator" value="\"/>
    <property name="basedir" value="C:\Users\chris\.vscode-oss\workspace\projetmodeh4"/>
    <property name="java.vm.compressedOopsMode" value="32-bit"/>
    <property name="line.separator" value="&#10;"/>
    <property name="java.vm.specification.vendor" value="Oracle Corporation"/>
    <property name="java.specification.name" value="Java Platform API Specification"/>
    <property name="surefire.real.class.path" value="C:\Users\chris\AppData\Local\Temp\surefire14138026024233820088\surefirebooter7825304334768912964.jar"/>
    <property name="user.script" value=""/>
    <property name="sun.management.compiler" value="HotSpot 64-Bit Tiered Compilers"/>
    <property name="java.runtime.version" value="14.0.1+7"/>
    <property name="user.name" value="chris"/>
    <property name="path.separator" value=";"/>
    <property name="os.version" value="10.0"/>
    <property name="java.runtime.name" value="Java(TM) SE Runtime Environment"/>
    <property name="file.encoding" value="Cp1252"/>
    <property name="java.vm.name" value="Java HotSpot(TM) 64-Bit Server VM"/>
    <property name="localRepository" value="C:\Users\chris\.m2\repository"/>
    <property name="java.vendor.url.bug" value="https://bugreport.java.com/bugreport/"/>
    <property name="java.io.tmpdir" value="C:\Users\chris\AppData\Local\Temp\"/>
    <property name="java.version" value="14.0.1"/>
    <property name="user.dir" value="C:\Users\chris\.vscode-oss\workspace\projetmodeh4"/>
    <property name="os.arch" value="amd64"/>
    <property name="java.vm.specification.name" value="Java Virtual Machine Specification"/>
    <property name="sun.os.patch.level" value=""/>
    <property name="java.library.path" value="C:\Program Files\Java\jdk-14.0.1\bin;C:\WINDOWS\Sun\Java\bin;C:\WINDOWS\system32;C:\WINDOWS;C:/Program Files/Java/jdk-14.0.1/bin/server;C:/Program Files/Java/jdk-14.0.1/bin;C:\Program Files\Common Files\Oracle\Java\javapath;C:\Program Files\Java\jdk1.8.0_261\bin;C:\WINDOWS\system32;C:\WINDOWS;C:\WINDOWS\System32\Wbem;C:\WINDOWS\System32\WindowsPowerShell\v1.0\;C:\WINDOWS\System32\OpenSSH\;C:\Program Files\Git\cmd;C:\Users\chris\Desktop;;."/>
    <property name="java.vm.info" value="mixed mode, sharing"/>
    <property name="java.vendor" value="Oracle Corporation"/>
    <property name="java.vm.version" value="14.0.1+7"/>
    <property name="sun.io.unicode.encoding" value="UnicodeLittle"/>
    <property name="java.class.version" value="58.0"/>
  </properties>
  <testcase name="testrotate" classname="math.MatriceMultiplicationTest" time="0.016">
    <system-out><![CDATA[avant
x : 1.0, y : 1.0, z : 1.0, v : 1.0
x : 2.0, y : 2.0, z : 2.0, v : 2.0
x : 3.0, y : 3.0, z : 3.0, v : 3.0
x : 4.0, y : 4.0, z : 4.0, v : 4.0

Premiere rotation
x : 1.0, y : -0.09067053852759588, z : 1.4113039550157562, v : 1.0
x : 2.0, y : -0.18134107705519176, z : 2.8226079100315125, v : 2.0
x : 3.0, y : -0.2720116155827874, z : 4.2339118650472685, v : 3.0
x : 4.0, y : -0.3626821541103835, z : 5.645215820063025, v : 4.0

Deuxieme r
x : 1.0, y : -1.1197425430705201, z : 0.8638151638157112, v : 1.0
x : 2.0, y : -2.2394850861410402, z : 1.7276303276314224, v : 2.0
x : 3.0, y : -3.359227629211561, z : 2.5914454914471334, v : 3.0
x : 4.0, y : -4.4789701722820805, z : 3.455260655262845, v : 4.0

]]></system-out>
  </testcase>
  <testcase name="Difftailletest" classname="math.MatriceMultiplicationTest" time="0.001"/>
  <testcase name="Complexetest" classname="math.MatriceMultiplicationTest" time="0.001"/>
  <testcase name="TwoMulitplytest" classname="math.MatriceMultiplicationTest" time="0.001"/>
  <testcase name="Simpletest" classname="math.MatriceMultiplicationTest" time="0.001"/>
</testsuite>